
ROM used: 161 (2%)
          161 (2%) including unused fragments

          0 Average locations per line
          5 Average locations per statement

RAM used: 7 (2%) at main() level
          7 (2%) worst case

Stack used: 0 worst case (out of 8 total available)

Lines Stmts  %   Files
----- ----- ---  -----
  102    32 100  main.c
  326     0   0  ..\..\Programas\PICC\Devices\16F877A.h
----- -----
  428    32 Total

Page ROM  %  RAM   Vol Diff  Functions:
---- --- --- ---   --- ----  ----------
0    157  98   1   802  4.4  main

Program metrics:
    Functions               1
    Statements              32
    Comments                115
    Volume (V)              802
    Difficilty (D)          4.4
    Effort to implement (E) 3495
    Time to implement (T)   3 minutes
    Est Delivered Bugs (B)  0
    Cyclomatic Complexity   1
    Maintainability (MI)    41

 Segment     Used  Free
-----------  ----  ----
00000-00003     4  0  
00004-007FF   157  1887  
00800-00FFF     0  2048  
01000-017FF     0  2048  
01800-01FFF     0  2048  



