
ROM used: 870 (11%)
          870 (11%) including unused fragments

          1 Average locations per line
          4 Average locations per statement

RAM used: 8 (2%) at main() level
          23 (6%) worst case

Stack used: 4 worst case (out of 8 total available)

Lines Stmts  %   Files
----- ----- ---  -----
   64    22  10  Moto_Corrente_Continua_Com_Teclado.c
  326     0   0  ..\..\..\Programas\PICC\Devices\16F877A.h
  165    72  33  mod_lcd.c
   56   123  57  kbd_ext_board2.c
----- -----
  611   217 Total

Page ROM  %  RAM   Vol Diff  Functions:
---- --- --- ---   --- ----  ----------
0     20   2   1             @delay_ms1
0      8   1   0  3587  6.5  @const66
0     39   4   1   260  1.9  lcd_envia_nibble
0     33   4   3   176  2.7  lcd_envia_byte
0     61   7   2   433  4.3  lcd_ini
 Inline        4   186  5.5  lcd_pos_xy
0     56   6   1   290  4.1  lcd_escreve
0    296  34   4  3587  6.5  tc_tecla
0    139  16   2   660  5.3  MAIN
0     10   1   0   186  5.5  @const96
0     80   9   4   290  4.1  @PSTRINGCN7_81
0     21   2   3   157  2.0  @DIV88
0    103  12   6  1067  4.4  @PRINTF_D_81

Program metrics:
    Functions               12
    Statements              217
    Comments                139
    Volume (V)              15508
    Difficilty (D)          53.8
    Effort to implement (E) 835078
    Time to implement (T)   12 hours, 53 minutes
    Est Delivered Bugs (B)  3
    Cyclomatic Complexity   63
    Maintainability (MI)    43

 Segment     Used  Free
-----------  ----  ----
00000-00003     4  0  
00004-007FF   866  1178  
00800-00FFF     0  2048  
01000-017FF     0  2048  
01800-01FFF     0  2048  



