
ROM used: 133 (2%)
          133 (2%) including unused fragments

          0 Average locations per line
          8 Average locations per statement

RAM used: 7 (2%) at main() level
          8 (2%) worst case

Stack used: 1 worst case (out of 8 total available)

Lines Stmts  %   Files
----- ----- ---  -----
   40    17 100  main.c
  326     0   0  ..\..\Programas\PICC\Devices\16F877A.h
----- -----
  366    17 Total

Page ROM  %  RAM   Vol Diff  Functions:
---- --- --- ---   --- ----  ----------
0     21  16   1             @delay_ms1
0    108  81   1   388  2.8  main

Program metrics:
    Functions               1
    Statements              17
    Comments                75
    Volume (V)              391
    Difficilty (D)          2.8
    Effort to implement (E) 1077
    Time to implement (T)   1 minutes
    Est Delivered Bugs (B)  0
    Cyclomatic Complexity   1
    Maintainability (MI)    131

 Segment     Used  Free
-----------  ----  ----
00000-00003     4  0  
00004-007FF   129  1915  
00800-00FFF     0  2048  
01000-017FF     0  2048  
01800-01FFF     0  2048  



