
ROM used: 551 (7%)
          551 (7%) including unused fragments

          1 Average locations per line
          11 Average locations per statement

RAM used: 8 (2%) at main() level
          21 (6%) worst case

Stack used: 1 worst case (out of 8 total available)

Lines Stmts  %   Files
----- ----- ---  -----
   85    50 100  luz_circulante.c
  326     0   0  ..\..\..\Programas\PICC\Devices\16F877A.h
----- -----
  411    50 Total

Page ROM  %  RAM   Vol Diff  Functions:
---- --- --- ---   --- ----  ----------
0     20   4   1             @delay_ms1
0    307  56   2  1614  5.4  main
0     31   6   2             @ITOF
0    119  22  13             @MULFF
0     33   6   4             @SFTOI
0     37   7   2             @MUL88

Program metrics:
    Functions               1
    Statements              50
    Comments                81
    Volume (V)              1627
    Difficilty (D)          5.1
    Effort to implement (E) 8358
    Time to implement (T)   8 minutes
    Est Delivered Bugs (B)  0
    Cyclomatic Complexity   2
    Maintainability (MI)    118

 Segment     Used  Free
-----------  ----  ----
00000-00003     4  0  
00004-007FF   547  1497  
00800-00FFF     0  2048  
01000-017FF     0  2048  
01800-01FFF     0  2048  



