
ROM used: 253 (3%)
          253 (3%) including unused fragments

          1 Average locations per line
          6 Average locations per statement

RAM used: 7 (2%) at main() level
          8 (2%) worst case

Stack used: 1 worst case (out of 8 total available)

Lines Stmts  %   Files
----- ----- ---  -----
   74    44 100  main.c
  326     0   0  ..\..\Programas\PICC\Devices\16F877A.h
----- -----
  400    44 Total

Page ROM  %  RAM   Vol Diff  Functions:
---- --- --- ---   --- ----  ----------
0     20   8   1             @delay_ms1
0    229  91   1  1185  2.9  main

Program metrics:
    Functions               1
    Statements              44
    Comments                96
    Volume (V)              1188
    Difficilty (D)          2.9
    Effort to implement (E) 3446
    Time to implement (T)   3 minutes
    Est Delivered Bugs (B)  0
    Cyclomatic Complexity   1
    Maintainability (MI)    98

 Segment     Used  Free
-----------  ----  ----
00000-00003     4  0  
00004-007FF   249  1795  
00800-00FFF     0  2048  
01000-017FF     0  2048  
01800-01FFF     0  2048  



