
ROM used: 876 (11%)
          876 (11%) including unused fragments

          1 Average locations per line
          4 Average locations per statement

RAM used: 8 (2%) at main() level
          23 (6%) worst case

Stack used: 4 worst case (out of 8 total available)

Lines Stmts  %   Files
----- ----- ---  -----
   64    23  11  Moto_Corrente_Continua_Com_Teclado.c
  326     0   0  ..\..\..\Programas\PICC\Devices\16F877A.h
  165    72  33  mod_lcd.c
   56   123  56  kbd_ext_board2.c
----- -----
  611   218 Total

Page ROM  %  RAM   Vol Diff  Functions:
---- --- --- ---   --- ----  ----------
0     20   2   1             @delay_ms1
0      8   1   0             @const66
0     39   4   1   260  1.9  lcd_envia_nibble
0     33   4   3   176  2.7  lcd_envia_byte
0     61   7   2   433  4.3  lcd_ini
 Inline        4   186  5.5  lcd_pos_xy
0     56   6   1   290  4.1  lcd_escreve
0    296  34   4  3587  6.5  tc_tecla
0    145  17   2   702  6.7  MAIN
0     10   1   0             @const96
0     80   9   4             @PSTRINGCN7_81
0     21   2   3             @DIV88
0    103  12   6             @PRINTF_D_81

Program metrics:
    Functions               7
    Statements              218
    Comments                139
    Volume (V)              7446
    Difficilty (D)          31.7
    Effort to implement (E) 236005
    Time to implement (T)   3 hours, 39 minutes
    Est Delivered Bugs (B)  1
    Cyclomatic Complexity   27
    Maintainability (MI)    107

 Segment     Used  Free
-----------  ----  ----
00000-00003     4  0  
00004-007FF   872  1172  
00800-00FFF     0  2048  
01000-017FF     0  2048  
01800-01FFF     0  2048  



